
> nexus-vmp-canon@0.1.0 test:coverage
> vitest run --coverage


 RUN  v4.0.16 C:/AI-BOS/AIBOS-VMP
      Coverage enabled with v8

 Ô£ô tests/utils/checklist-rules.test.js (13 tests) 41ms
 ÔØ» tests/server-nunjucks-filters.test.js (20 tests | 2 failed) 222ms
       Ô£ô should uppercase strings 28ms
       Ô£ô should handle empty strings 3ms
       Ô£ô should handle null values 2ms
       Ô£ô should handle undefined values 5ms
       Ô£ô should handle numbers 2ms
       Ô£ô should handle mixed case 2ms
       ├ù should stringify objects 55ms
       Ô£ô should stringify arrays 2ms
       Ô£ô should handle null 2ms
       ├ù should handle strings 4ms
       Ô£ô should handle numbers 2ms
       Ô£ô should format Date objects 85ms
       Ô£ô should format date strings 2ms
       Ô£ô should format with %Y-%m-%d pattern 3ms
       Ô£ô should format with %b %d pattern 2ms
       Ô£ô should format with %H:%M pattern 4ms
       Ô£ô should handle null values 2ms
       Ô£ô should handle invalid dates 2ms
       Ô£ô should handle number timestamps 2ms
       Ô£ô should use default format for unknown patterns 2ms
stdout | tests/days5-8.test.js > Days 5-8: Case Detail Functionality
Checking prerequisites...

 Ô£ô tests/server-timeout-middleware.test.js (2 tests) 164ms
stdout | tests/days5-8.test.js > Days 5-8: Case Detail Functionality
Ô£à Found test case: 64a0d83f-7512-4ca9-9cbc-fb0bb1db5340

stdout | tests/days5-8.test.js > Days 5-8: Case Detail Functionality
Ô£à Created test session: 2c0d2ddd65e76429a65c31665886ec3061de7dbf8c54a2285653185b230c0ca0

node.exe : stderr | tests/server-multer-file-filter.test.js > Multer File Filter > should accept PDF files
At line:1 char:1
+ & "C:\nvm4w\nodejs/node.exe" "C:\nvm4w\nodejs/node_modules/npm/bin/np ...
+ ~~~~~~~~~~~~~~~~~~~~~~~~~~~~~~~~~~~~~~~~~~~~~~~~~~~~~~~~~~~~~~~~~~~~~
    + CategoryInfo          : NotSpecified: (stderr | tests/...ccept PDF files:String) [], RemoteException
    + FullyQualifiedErrorId : NativeCommandError
 
Storage Upload Error: StorageApiError: Bucket not found
    at file:///C:/AI-BOS/AIBOS-VMP/node_modules/@supabase/storage-js/dist/index.mjs:166:10
    at processTicksAndRejections (node:internal/process/task_queues:105:5) {
  __isStorageError: true,
  status: 400,
  statusCode: '404'
}

stderr | tests/server-multer-file-filter.test.js > Multer File Filter > should accept PDF files
Error uploading evidence: Error: Failed to upload to storage: Bucket not found
    at Object.uploadEvidenceToStorage (C:/AI-BOS/AIBOS-VMP/src/adapters/supabase.js:559:19)
    at processTicksAndRejections (node:internal/process/task_queues:105:5)
    at Object.uploadEvidence (C:/AI-BOS/AIBOS-VMP/src/adapters/supabase.js:600:9)
    at C:/AI-BOS/AIBOS-VMP/server.js:803:7

stderr | tests/server-extended.test.js > Server Extended Routes > Home Routes with Data > GET /home3 should handle 
adapter errors gracefully
Error loading cases for home3: Error: Database error
    at C:/AI-BOS/AIBOS-VMP/tests/server-extended.test.js:80:55
    at file:///C:/AI-BOS/AIBOS-VMP/node_modules/@vitest/runner/dist/index.js:145:11
    at file:///C:/AI-BOS/AIBOS-VMP/node_modules/@vitest/runner/dist/index.js:915:26
    at file:///C:/AI-BOS/AIBOS-VMP/node_modules/@vitest/runner/dist/index.js:1243:20
    at new Promise (<anonymous>)
    at runWithTimeout (file:///C:/AI-BOS/AIBOS-VMP/node_modules/@vitest/runner/dist/index.js:1209:10)
    at file:///C:/AI-BOS/AIBOS-VMP/node_modules/@vitest/runner/dist/index.js:1653:37
    at Traces.$ (file:///C:/AI-BOS/AIBOS-VMP/node_modules/vitest/dist/chunks/traces.U4xDYhzZ.js:115:27)
    at trace (file:///C:/AI-BOS/AIBOS-VMP/node_modules/vitest/dist/chunks/test.B8ej_ZHS.js:239:21)
    at runTest (file:///C:/AI-BOS/AIBOS-VMP/node_modules/@vitest/runner/dist/index.js:1653:12)

stderr | tests/server-multer-file-filter.test.js > Multer File Filter > should accept JPEG images
Storage Upload Error: StorageApiError: Bucket not found
    at file:///C:/AI-BOS/AIBOS-VMP/node_modules/@supabase/storage-js/dist/index.mjs:166:10
    at processTicksAndRejections (node:internal/process/task_queues:105:5) {
  __isStorageError: true,
  status: 400,
  statusCode: '404'
}

stderr | tests/server-multer-file-filter.test.js > Multer File Filter > should accept JPEG images
Error uploading evidence: Error: Failed to upload to storage: Bucket not found
    at Object.uploadEvidenceToStorage (C:/AI-BOS/AIBOS-VMP/src/adapters/supabase.js:559:19)
    at processTicksAndRejections (node:internal/process/task_queues:105:5)
    at Object.uploadEvidence (C:/AI-BOS/AIBOS-VMP/src/adapters/supabase.js:600:9)
    at C:/AI-BOS/AIBOS-VMP/server.js:803:7

stderr | tests/server-error-paths.test.js > Server Error Paths and Edge Cases > Route Error Paths > GET /home3 should 
handle adapter errors
Error loading cases for home3: Error: Database error
    at C:/AI-BOS/AIBOS-VMP/tests/server-error-paths.test.js:138:55
    at file:///C:/AI-BOS/AIBOS-VMP/node_modules/@vitest/runner/dist/index.js:145:11
    at file:///C:/AI-BOS/AIBOS-VMP/node_modules/@vitest/runner/dist/index.js:915:26
    at file:///C:/AI-BOS/AIBOS-VMP/node_modules/@vitest/runner/dist/index.js:1243:20
    at new Promise (<anonymous>)
    at runWithTimeout (file:///C:/AI-BOS/AIBOS-VMP/node_modules/@vitest/runner/dist/index.js:1209:10)
    at file:///C:/AI-BOS/AIBOS-VMP/node_modules/@vitest/runner/dist/index.js:1653:37
    at Traces.$ (file:///C:/AI-BOS/AIBOS-VMP/node_modules/vitest/dist/chunks/traces.U4xDYhzZ.js:115:27)
    at trace (file:///C:/AI-BOS/AIBOS-VMP/node_modules/vitest/dist/chunks/test.B8ej_ZHS.js:239:21)
    at runTest (file:///C:/AI-BOS/AIBOS-VMP/node_modules/@vitest/runner/dist/index.js:1653:12)

stderr | tests/server-multer-file-filter.test.js > Multer File Filter > should accept PNG images
Storage Upload Error: StorageApiError: Bucket not found
    at file:///C:/AI-BOS/AIBOS-VMP/node_modules/@supabase/storage-js/dist/index.mjs:166:10
    at processTicksAndRejections (node:internal/process/task_queues:105:5) {
  __isStorageError: true,
  status: 400,
  statusCode: '404'
}

stderr | tests/server-multer-file-filter.test.js > Multer File Filter > should accept PNG images
Error uploading evidence: Error: Failed to upload to storage: Bucket not found
    at Object.uploadEvidenceToStorage (C:/AI-BOS/AIBOS-VMP/src/adapters/supabase.js:559:19)
    at processTicksAndRejections (node:internal/process/task_queues:105:5)
    at Object.uploadEvidence (C:/AI-BOS/AIBOS-VMP/src/adapters/supabase.js:600:9)
    at C:/AI-BOS/AIBOS-VMP/server.js:803:7

stderr | tests/server-error-paths.test.js > Server Error Paths and Edge Cases > Route Error Paths > GET /home4 should 
handle adapter errors
Error loading cases for home4: Error: Database error
    at C:/AI-BOS/AIBOS-VMP/tests/server-error-paths.test.js:153:55
    at file:///C:/AI-BOS/AIBOS-VMP/node_modules/@vitest/runner/dist/index.js:145:11
    at file:///C:/AI-BOS/AIBOS-VMP/node_modules/@vitest/runner/dist/index.js:915:26
    at file:///C:/AI-BOS/AIBOS-VMP/node_modules/@vitest/runner/dist/index.js:1243:20
    at new Promise (<anonymous>)
    at runWithTimeout (file:///C:/AI-BOS/AIBOS-VMP/node_modules/@vitest/runner/dist/index.js:1209:10)
    at file:///C:/AI-BOS/AIBOS-VMP/node_modules/@vitest/runner/dist/index.js:1653:37
    at Traces.$ (file:///C:/AI-BOS/AIBOS-VMP/node_modules/vitest/dist/chunks/traces.U4xDYhzZ.js:115:27)
    at trace (file:///C:/AI-BOS/AIBOS-VMP/node_modules/vitest/dist/chunks/test.B8ej_ZHS.js:239:21)
    at runTest (file:///C:/AI-BOS/AIBOS-VMP/node_modules/@vitest/runner/dist/index.js:1653:12)

stderr | tests/server-error-paths.test.js > Server Error Paths and Edge Cases > Route Error Paths > GET /home5 should 
handle adapter errors
Error loading metrics for home5: Error: Database error
    at C:/AI-BOS/AIBOS-VMP/tests/server-error-paths.test.js:168:55
    at file:///C:/AI-BOS/AIBOS-VMP/node_modules/@vitest/runner/dist/index.js:145:11
    at file:///C:/AI-BOS/AIBOS-VMP/node_modules/@vitest/runner/dist/index.js:915:26
    at file:///C:/AI-BOS/AIBOS-VMP/node_modules/@vitest/runner/dist/index.js:1243:20
    at new Promise (<anonymous>)
    at runWithTimeout (file:///C:/AI-BOS/AIBOS-VMP/node_modules/@vitest/runner/dist/index.js:1209:10)
    at file:///C:/AI-BOS/AIBOS-VMP/node_modules/@vitest/runner/dist/index.js:1653:37
    at Traces.$ (file:///C:/AI-BOS/AIBOS-VMP/node_modules/vitest/dist/chunks/traces.U4xDYhzZ.js:115:27)
    at trace (file:///C:/AI-BOS/AIBOS-VMP/node_modules/vitest/dist/chunks/test.B8ej_ZHS.js:239:21)
    at runTest (file:///C:/AI-BOS/AIBOS-VMP/node_modules/@vitest/runner/dist/index.js:1653:12)

stderr | tests/server-multer-file-filter.test.js > Multer File Filter > should accept Word documents
Storage Upload Error: StorageApiError: Bucket not found
    at file:///C:/AI-BOS/AIBOS-VMP/node_modules/@supabase/storage-js/dist/index.mjs:166:10
    at processTicksAndRejections (node:internal/process/task_queues:105:5) {
  __isStorageError: true,
  status: 400,
  statusCode: '404'
}

stderr | tests/server-multer-file-filter.test.js > Multer File Filter > should accept Word documents
Error uploading evidence: Error: Failed to upload to storage: Bucket not found
    at Object.uploadEvidenceToStorage (C:/AI-BOS/AIBOS-VMP/src/adapters/supabase.js:559:19)
    at processTicksAndRejections (node:internal/process/task_queues:105:5)
    at Object.uploadEvidence (C:/AI-BOS/AIBOS-VMP/src/adapters/supabase.js:600:9)
    at C:/AI-BOS/AIBOS-VMP/server.js:803:7

stderr | tests/server-multer-file-filter.test.js > Multer File Filter > should accept Excel documents
Storage Upload Error: StorageApiError: Bucket not found
    at file:///C:/AI-BOS/AIBOS-VMP/node_modules/@supabase/storage-js/dist/index.mjs:166:10
    at processTicksAndRejections (node:internal/process/task_queues:105:5) {
  __isStorageError: true,
  status: 400,
  statusCode: '404'
}

stderr | tests/server-multer-file-filter.test.js > Multer File Filter > should accept Excel documents
Error uploading evidence: Error: Failed to upload to storage: Bucket not found
    at Object.uploadEvidenceToStorage (C:/AI-BOS/AIBOS-VMP/src/adapters/supabase.js:559:19)
    at processTicksAndRejections (node:internal/process/task_queues:105:5)
    at Object.uploadEvidence (C:/AI-BOS/AIBOS-VMP/src/adapters/supabase.js:600:9)
    at C:/AI-BOS/AIBOS-VMP/server.js:803:7

stdout | tests/days5-8.test.js > Days 5-8: Case Detail Functionality > Prerequisites Check > Storage bucket check (manual verification required)
ÔÜá´©Å  Manual check required: Verify vmp-evidence bucket exists in Supabase Storage
   See: migrations/007_storage_bucket_setup.sql for setup instructions

stderr | tests/server-middleware.test.js > Server Middleware > Multer File Filter > should accept PDF files
Storage Upload Error: StorageApiError: Bucket not found
    at file:///C:/AI-BOS/AIBOS-VMP/node_modules/@supabase/storage-js/dist/index.mjs:166:10
    at processTicksAndRejections (node:internal/process/task_queues:105:5) {
  __isStorageError: true,
  status: 400,
  statusCode: '404'
}

stderr | tests/server-middleware.test.js > Server Middleware > Multer File Filter > should accept PDF files
Error uploading evidence: Error: Failed to upload to storage: Bucket not found
    at Object.uploadEvidenceToStorage (C:/AI-BOS/AIBOS-VMP/src/adapters/supabase.js:559:19)
    at processTicksAndRejections (node:internal/process/task_queues:105:5)
    at Object.uploadEvidence (C:/AI-BOS/AIBOS-VMP/src/adapters/supabase.js:600:9)
    at C:/AI-BOS/AIBOS-VMP/server.js:803:7

 ÔØ» tests/days5-8.test.js (29 tests | 1 failed) 5863ms
       Ô£ô GET /partials/case-detail.html should return 200 with case_id  307ms
       Ô£ô GET /partials/case-detail.html should handle missing case_id 17ms
       Ô£ô GET /partials/case-detail.html should include HTMX containers 182ms
       Ô£ô GET /partials/case-thread.html should return 200 184ms
       Ô£ô GET /partials/case-thread.html should handle missing case_id 17ms
       Ô£ô POST /cases/:id/messages should create a message 190ms
       Ô£ô POST /cases/:id/messages should reject empty message 174ms
       Ô£ô POST /cases/:id/messages should require authentication 11ms
       Ô£ô GET /partials/case-checklist.html should return 200  509ms
       Ô£ô GET /partials/case-checklist.html should handle missing case_id 7ms
       Ô£ô Checklist rules engine should return steps for invoice case 0ms
       Ô£ô Checklist rules engine should return steps for payment case 0ms
       Ô£ô Checklist rules engine should return steps for onboarding case 0ms
       Ô£ô Checklist rules engine should return steps for SOA case 0ms
       Ô£ô Checklist rules engine should return default steps for unknown case type 0ms
       Ô£ô GET /partials/case-evidence.html should return 200 177ms
       Ô£ô GET /partials/case-evidence.html should handle missing case_id 6ms
       Ô£ô POST /cases/:id/evidence should reject request without file 173ms
       ├ù POST /cases/:id/evidence should reject request without evidence_type 23ms
       Ô£ô POST /cases/:id/evidence should require authentication 5ms
       Ô£ô Case detail should load all cells via HTMX  1198ms
       Ô£ô Message posting should refresh thread  558ms
       Ô£ô vmpAdapter.getMessages should return array 173ms
       Ô£ô vmpAdapter.getChecklistSteps should return array 186ms
       Ô£ô vmpAdapter.getEvidence should return array 161ms
       Ô£ô vmpAdapter.ensureChecklistSteps should create steps for invoice case  426ms
       Ô£ô DEMO_VENDOR_ID should be configured 0ms
       Ô£ô Supabase connection should work 164ms
       Ô£ô Storage bucket check (manual verification required) 1ms
stderr | tests/server-multer-file-filter.test.js > Multer File Filter > should reject disallowed file types
Error: Error: File type application/x-msdos-program not allowed. Allowed types: PDF, images, Word, Excel
    at fileFilter (C:/AI-BOS/AIBOS-VMP/server.js:49:10)
    at wrappedFileFilter (C:\AI-BOS\AIBOS-VMP\node_modules\multer\index.js:44:7)
    at Multipart.<anonymous> (C:\AI-BOS\AIBOS-VMP\node_modules\multer\lib\make-middleware.js:109:7)
    at Multipart.emit (node:events:519:28)
    at HeaderParser.cb (C:\AI-BOS\AIBOS-VMP\node_modules\busboy\lib\types\multipart.js:358:14)
    at HeaderParser.push (C:\AI-BOS\AIBOS-VMP\node_modules\busboy\lib\types\multipart.js:162:20)
    at SBMH.ssCb [as _cb] (C:\AI-BOS\AIBOS-VMP\node_modules\busboy\lib\types\multipart.js:394:37)
    at feed (C:\AI-BOS\AIBOS-VMP\node_modules\streamsearch\lib\sbmh.js:219:14)
    at SBMH.push (C:\AI-BOS\AIBOS-VMP\node_modules\streamsearch\lib\sbmh.js:104:16)
    at Multipart._write (C:\AI-BOS\AIBOS-VMP\node_modules\busboy\lib\types\multipart.js:567:19) {
  storageErrors: []
}

stderr | tests/server-error-paths.test.js > Server Error Paths and Edge Cases > Partial Route Error Paths > GET 
/partials/case-detail.html should handle adapter errors
Adapter error: Error: Database error
    at C:/AI-BOS/AIBOS-VMP/tests/server-error-paths.test.js:210:60
    at file:///C:/AI-BOS/AIBOS-VMP/node_modules/@vitest/runner/dist/index.js:145:11
    at file:///C:/AI-BOS/AIBOS-VMP/node_modules/@vitest/runner/dist/index.js:915:26
    at file:///C:/AI-BOS/AIBOS-VMP/node_modules/@vitest/runner/dist/index.js:1243:20
    at new Promise (<anonymous>)
    at runWithTimeout (file:///C:/AI-BOS/AIBOS-VMP/node_modules/@vitest/runner/dist/index.js:1209:10)
    at file:///C:/AI-BOS/AIBOS-VMP/node_modules/@vitest/runner/dist/index.js:1653:37
    at Traces.$ (file:///C:/AI-BOS/AIBOS-VMP/node_modules/vitest/dist/chunks/traces.U4xDYhzZ.js:115:27)
    at trace (file:///C:/AI-BOS/AIBOS-VMP/node_modules/vitest/dist/chunks/test.B8ej_ZHS.js:239:21)
    at runTest (file:///C:/AI-BOS/AIBOS-VMP/node_modules/@vitest/runner/dist/index.js:1653:12)

stderr | tests/server-middleware.test.js > Server Middleware > Multer File Filter > should accept image files
Storage Upload Error: StorageApiError: Bucket not found
    at file:///C:/AI-BOS/AIBOS-VMP/node_modules/@supabase/storage-js/dist/index.mjs:166:10
    at processTicksAndRejections (node:internal/process/task_queues:105:5) {
  __isStorageError: true,
  status: 400,
  statusCode: '404'
}

stderr | tests/server-middleware.test.js > Server Middleware > Multer File Filter > should accept image files
Error uploading evidence: Error: Failed to upload to storage: Bucket not found
    at Object.uploadEvidenceToStorage (C:/AI-BOS/AIBOS-VMP/src/adapters/supabase.js:559:19)
    at processTicksAndRejections (node:internal/process/task_queues:105:5)
    at Object.uploadEvidence (C:/AI-BOS/AIBOS-VMP/src/adapters/supabase.js:600:9)
    at C:/AI-BOS/AIBOS-VMP/server.js:803:7

stderr | tests/server-multer-file-filter.test.js > Multer File Filter > should enforce file size limit
Error: MulterError: File too large
    at abortWithCode (C:\AI-BOS\AIBOS-VMP\node_modules\multer\lib\make-middleware.js:73:22)
    at FileStream.<anonymous> (C:\AI-BOS\AIBOS-VMP\node_modules\multer\lib\make-middleware.js:136:11)
    at FileStream.emit (node:events:519:28)
    at SBMH.ssCb [as _cb] (C:\AI-BOS\AIBOS-VMP\node_modules\busboy\lib\types\multipart.js:479:32)
    at feed (C:\AI-BOS\AIBOS-VMP\node_modules\streamsearch\lib\sbmh.js:248:10)
    at SBMH.push (C:\AI-BOS\AIBOS-VMP\node_modules\streamsearch\lib\sbmh.js:104:16)
    at Multipart._write (C:\AI-BOS\AIBOS-VMP\node_modules\busboy\lib\types\multipart.js:567:19)
    at writeOrBuffer (node:internal/streams/writable:572:12)
    at _write (node:internal/streams/writable:501:10)
    at Multipart.Writable.write (node:internal/streams/writable:510:10) {
  code: 'LIMIT_FILE_SIZE',
  field: 'file',
  storageErrors: []
}

 Ô£ô tests/server-multer-file-filter.test.js (7 tests) 7251ms
     Ô£ô should accept PDF files  1815ms
     Ô£ô should accept JPEG images  997ms
     Ô£ô should accept PNG images  1003ms
     Ô£ô should accept Word documents  1172ms
     Ô£ô should accept Excel documents  1012ms
     Ô£ô should reject disallowed file types  520ms
     Ô£ô should enforce file size limit  723ms
stderr | tests/server-error-paths.test.js > Server Error Paths and Edge Cases > Partial Route Error Paths > GET 
/partials/case-thread.html should handle adapter errors
Adapter error loading messages: Error: Database error
    at C:/AI-BOS/AIBOS-VMP/tests/server-error-paths.test.js:225:58
    at file:///C:/AI-BOS/AIBOS-VMP/node_modules/@vitest/runner/dist/index.js:145:11
    at file:///C:/AI-BOS/AIBOS-VMP/node_modules/@vitest/runner/dist/index.js:915:26
    at file:///C:/AI-BOS/AIBOS-VMP/node_modules/@vitest/runner/dist/index.js:1243:20
    at new Promise (<anonymous>)
    at runWithTimeout (file:///C:/AI-BOS/AIBOS-VMP/node_modules/@vitest/runner/dist/index.js:1209:10)
    at file:///C:/AI-BOS/AIBOS-VMP/node_modules/@vitest/runner/dist/index.js:1653:37
    at Traces.$ (file:///C:/AI-BOS/AIBOS-VMP/node_modules/vitest/dist/chunks/traces.U4xDYhzZ.js:115:27)
    at trace (file:///C:/AI-BOS/AIBOS-VMP/node_modules/vitest/dist/chunks/test.B8ej_ZHS.js:239:21)
    at runTest (file:///C:/AI-BOS/AIBOS-VMP/node_modules/@vitest/runner/dist/index.js:1653:12)

stderr | tests/server-middleware.test.js > Server Middleware > Multer File Filter > should reject disallowed file types
Error: Error: File type application/x-msdos-program not allowed. Allowed types: PDF, images, Word, Excel
    at fileFilter (C:/AI-BOS/AIBOS-VMP/server.js:49:10)
    at wrappedFileFilter (C:\AI-BOS\AIBOS-VMP\node_modules\multer\index.js:44:7)
    at Multipart.<anonymous> (C:\AI-BOS\AIBOS-VMP\node_modules\multer\lib\make-middleware.js:109:7)
    at Multipart.emit (node:events:519:28)
    at HeaderParser.cb (C:\AI-BOS\AIBOS-VMP\node_modules\busboy\lib\types\multipart.js:358:14)
    at HeaderParser.push (C:\AI-BOS\AIBOS-VMP\node_modules\busboy\lib\types\multipart.js:162:20)
    at SBMH.ssCb [as _cb] (C:\AI-BOS\AIBOS-VMP\node_modules\busboy\lib\types\multipart.js:394:37)
    at feed (C:\AI-BOS\AIBOS-VMP\node_modules\streamsearch\lib\sbmh.js:219:14)
    at SBMH.push (C:\AI-BOS\AIBOS-VMP\node_modules\streamsearch\lib\sbmh.js:104:16)
    at Multipart._write (C:\AI-BOS\AIBOS-VMP\node_modules\busboy\lib\types\multipart.js:567:19) {
  storageErrors: []
}

stderr | tests/server-error-paths.test.js > Server Error Paths and Edge Cases > Partial Route Error Paths > GET 
/partials/case-checklist.html should handle ensureChecklistSteps errors
Error ensuring checklist steps: Error: Database error
    at C:/AI-BOS/AIBOS-VMP/tests/server-error-paths.test.js:240:67
    at file:///C:/AI-BOS/AIBOS-VMP/node_modules/@vitest/runner/dist/index.js:145:11
    at file:///C:/AI-BOS/AIBOS-VMP/node_modules/@vitest/runner/dist/index.js:915:26
    at file:///C:/AI-BOS/AIBOS-VMP/node_modules/@vitest/runner/dist/index.js:1243:20
    at new Promise (<anonymous>)
    at runWithTimeout (file:///C:/AI-BOS/AIBOS-VMP/node_modules/@vitest/runner/dist/index.js:1209:10)
    at file:///C:/AI-BOS/AIBOS-VMP/node_modules/@vitest/runner/dist/index.js:1653:37
    at Traces.$ (file:///C:/AI-BOS/AIBOS-VMP/node_modules/vitest/dist/chunks/traces.U4xDYhzZ.js:115:27)
    at trace (file:///C:/AI-BOS/AIBOS-VMP/node_modules/vitest/dist/chunks/test.B8ej_ZHS.js:239:21)
    at runTest (file:///C:/AI-BOS/AIBOS-VMP/node_modules/@vitest/runner/dist/index.js:1653:12)

 Ô£ô tests/server-middleware.test.js (14 tests) 9772ms
       Ô£ô should allow public routes without authentication  1013ms
       Ô£ô should redirect protected routes without session  505ms
       Ô£ô should allow test auth bypass in test mode  515ms
       Ô£ô should handle expired session  838ms
       Ô£ô should handle inactive user  889ms
       Ô£ô should handle auth middleware errors gracefully  817ms
       Ô£ô should accept PDF files  1255ms
       Ô£ô should accept image files  1000ms
       Ô£ô should reject disallowed file types  507ms
       Ô£ô should allow requests within limit  488ms
       Ô£ô should handle 404 for non-existent routes  489ms
       Ô£ô should handle async errors in routes  486ms
       Ô£ô upper filter should uppercase strings  482ms
       Ô£ô tojson filter should stringify objects  479ms
stderr | tests/server-error-paths.test.js > Server Error Paths and Edge Cases > POST Route Error Paths > POST 
/cases/:id/evidence should handle upload errors
Error uploading evidence: Error: Upload failed
    at C:/AI-BOS/AIBOS-VMP/tests/server-error-paths.test.js:330:61
    at file:///C:/AI-BOS/AIBOS-VMP/node_modules/@vitest/runner/dist/index.js:145:11
    at file:///C:/AI-BOS/AIBOS-VMP/node_modules/@vitest/runner/dist/index.js:915:26
    at file:///C:/AI-BOS/AIBOS-VMP/node_modules/@vitest/runner/dist/index.js:1243:20
    at new Promise (<anonymous>)
    at runWithTimeout (file:///C:/AI-BOS/AIBOS-VMP/node_modules/@vitest/runner/dist/index.js:1209:10)
    at file:///C:/AI-BOS/AIBOS-VMP/node_modules/@vitest/runner/dist/index.js:1653:37
    at Traces.$ (file:///C:/AI-BOS/AIBOS-VMP/node_modules/vitest/dist/chunks/traces.U4xDYhzZ.js:115:27)
    at trace (file:///C:/AI-BOS/AIBOS-VMP/node_modules/vitest/dist/chunks/test.B8ej_ZHS.js:239:21)
    at runTest (file:///C:/AI-BOS/AIBOS-VMP/node_modules/@vitest/runner/dist/index.js:1653:12)

stderr | tests/server-error-paths.test.js > Server Error Paths and Edge Cases > POST Route Error Paths > POST 
/cases/:id/evidence should handle refresh errors after upload
Storage Upload Error: StorageApiError: Bucket not found
    at file:///C:/AI-BOS/AIBOS-VMP/node_modules/@supabase/storage-js/dist/index.mjs:166:10
    at processTicksAndRejections (node:internal/process/task_queues:105:5) {
  __isStorageError: true,
  status: 400,
  statusCode: '404'
}

stderr | tests/server-error-paths.test.js > Server Error Paths and Edge Cases > POST Route Error Paths > POST 
/cases/:id/evidence should handle refresh errors after upload
Error uploading evidence: Error: Failed to upload to storage: Bucket not found
    at Object.uploadEvidenceToStorage (C:/AI-BOS/AIBOS-VMP/src/adapters/supabase.js:559:19)
    at processTicksAndRejections (node:internal/process/task_queues:105:5)
    at Object.uploadEvidence (C:/AI-BOS/AIBOS-VMP/src/adapters/supabase.js:600:9)
    at C:/AI-BOS/AIBOS-VMP/server.js:803:7

 ÔØ» tests/server-error-paths.test.js (23 tests | 4 failed) 13797ms
       Ô£ô 404 handler should render error page  1052ms
       Ô£ô Global error handler should catch async errors  503ms
       Ô£ô POST /login should handle inactive user  525ms
       Ô£ô POST /login should handle login errors gracefully  512ms
       Ô£ô GET /login should redirect if already logged in  512ms
       Ô£ô GET /home3 should handle adapter errors  496ms
       Ô£ô GET /home4 should handle adapter errors  532ms
       Ô£ô GET /home5 should handle adapter errors  509ms
       ├ù GET /test should handle template errors 507ms
       ├ù GET /examples should handle template errors 503ms
       ├ù GET /components should handle template errors 498ms
       ├ù GET /snippets-test should handle template errors 497ms
       Ô£ô GET /partials/case-detail.html should handle adapter errors  521ms
       Ô£ô GET /partials/case-thread.html should handle adapter errors  500ms
       Ô£ô GET /partials/case-checklist.html should handle ensureChecklistSteps errors  848ms
       Ô£ô GET /partials/case-evidence.html should handle signed URL errors  668ms
       Ô£ô POST /cases/:id/messages should handle createMessage errors  722ms
       Ô£ô POST /cases/:id/messages should handle getMessages errors after creation  511ms
       Ô£ô POST /cases/:id/evidence should handle case verification errors  526ms
       Ô£ô POST /cases/:id/evidence should handle upload errors  669ms
       Ô£ô POST /cases/:id/evidence should handle refresh errors after upload  1160ms
       Ô£ô POST /logout should handle deleteSession errors  517ms
       Ô£ô POST /logout should work without session  500ms
 Ô£ô tests/server.test.js (35 tests) 17974ms
       Ô£ô GET /health should return 200 with status ok  948ms
       Ô£ô GET / should render landing page  676ms
       Ô£ô GET /login should return 200  522ms
       Ô£ô GET /login2 should return 200  499ms
       Ô£ô GET /login3 should return 200  488ms
       Ô£ô GET /login4 should return 200  491ms
       Ô£ô GET /examples should return 200, redirect, or handle errors  511ms
       Ô£ô GET /nonexistent should return 404 when bypassing auth  495ms
       Ô£ô POST /login should redirect to /home on success  510ms
       Ô£ô POST /login should show error for missing email  516ms
       Ô£ô POST /login should show error for missing password  496ms
       Ô£ô POST /login should show error for invalid credentials  547ms
       Ô£ô POST /logout should redirect to /login  501ms
       Ô£ô GET /home should redirect to /login when not authenticated  481ms
       Ô£ô GET /home should return 200 when authenticated  493ms
       Ô£ô GET /home2 should redirect to /login when not authenticated  480ms
       Ô£ô GET /home2 should return 200 when authenticated  479ms
       Ô£ô GET /dashboard should redirect to /login when not authenticated  474ms
       Ô£ô GET /home3 should redirect to /login when not authenticated  477ms
       Ô£ô GET /home4 should redirect to /login when not authenticated  488ms
       Ô£ô GET /home5 should redirect to /login when not authenticated  491ms
       Ô£ô GET /partials/case-inbox.html should redirect when not authenticated  476ms
       Ô£ô GET /partials/case-detail.html should redirect when not authenticated  636ms
       Ô£ô GET /partials/case-thread.html should redirect when not authenticated  489ms
       Ô£ô GET /partials/case-checklist.html should redirect when not authenticated  497ms
       Ô£ô GET /partials/case-evidence.html should redirect when not authenticated  480ms
       Ô£ô GET /partials/escalation.html should redirect when not authenticated  483ms
       Ô£ô GET /partials/login-help-access.html should return 200  494ms
       Ô£ô GET /partials/login-help-sso.html should return 200  472ms
       Ô£ô GET /partials/login-help-security.html should return 200  470ms
       Ô£ô GET /partials/file-upload-dropzone.html should redirect when not authenticated  484ms
       Ô£ô GET /partials/avatar-component.html should redirect when not authenticated  475ms
       Ô£ô GET /partials/oauth-github-button.html should redirect when not authenticated  513ms
       Ô£ô Should handle 404 errors  472ms
       Ô£ô Should handle server errors gracefully  462ms
stderr | tests/adapters/supabase.test.js > VMP Adapter - Supabase > Evidence Methods > getEvidenceSignedUrl should 
throw error for invalid path
Signed URL Error: StorageApiError: Object not found
    at file:///C:/AI-BOS/AIBOS-VMP/node_modules/@supabase/storage-js/dist/index.mjs:166:10
    at processTicksAndRejections (node:internal/process/task_queues:105:5) {
  __isStorageError: true,
  status: 400,
  statusCode: '404'
}

 Ô£ô tests/server-extended.test.js (26 tests) 20742ms
       Ô£ô GET /home3 should return 200 when authenticated  1412ms
       Ô£ô GET /home3 should handle adapter errors gracefully  738ms
       Ô£ô GET /home4 should return 200 when authenticated  857ms
       Ô£ô GET /home4 should calculate metrics correctly  815ms
       Ô£ô GET /home5 should return 200 when authenticated  855ms
       Ô£ô GET /home5 should calculate all metrics  825ms
       Ô£ô GET /dashboard should return 200 when authenticated  658ms
       Ô£ô GET /partials/case-inbox.html should return cases when authenticated  833ms
       Ô£ô GET /partials/case-inbox.html should handle missing DEMO_VENDOR_ID  821ms
       Ô£ô GET /partials/case-detail.html should return case detail with caseId  815ms
       Ô£ô GET /partials/case-detail.html should handle missing caseId  657ms
       Ô£ô GET /partials/case-thread.html should return messages with caseId  831ms
       Ô£ô GET /partials/case-thread.html should handle missing caseId  640ms
       Ô£ô GET /partials/case-checklist.html should return checklist with caseId  1134ms
       Ô£ô GET /partials/case-evidence.html should return evidence with caseId  813ms
       Ô£ô GET /partials/escalation.html should return escalation view  683ms
       Ô£ô POST /cases/:id/messages should create message with valid data  815ms
       Ô£ô POST /cases/:id/messages should handle missing caseId  657ms
       Ô£ô POST /cases/:id/messages should handle empty body  810ms
       Ô£ô POST /cases/:id/messages should handle missing body  825ms
       Ô£ô POST /cases/:id/evidence should handle missing file  810ms
       Ô£ô POST /cases/:id/evidence should handle missing evidence_type  801ms
       Ô£ô POST /logout should clear session  647ms
       Ô£ô GET /test should return 200 or redirect  675ms
       Ô£ô GET /snippets-test should return 200 or redirect  656ms
       Ô£ô GET /components should return 200 or redirect  650ms
 Ô£ô tests/server-routes.test.js (29 tests) 22074ms
       Ô£ô GET /partials/case-inbox.html should return 200 when authenticated  1345ms
       Ô£ô GET /partials/case-inbox.html should handle missing DEMO_VENDOR_ID  915ms
       Ô£ô GET /partials/case-detail.html should return 200 with case_id  815ms
       Ô£ô GET /partials/case-detail.html should handle missing case_id  649ms
       Ô£ô GET /partials/case-thread.html should return 200 with case_id  826ms
       Ô£ô GET /partials/case-thread.html should handle missing case_id  670ms
       Ô£ô POST /cases/:id/messages should create a message  806ms
       Ô£ô POST /cases/:id/messages should handle empty message  832ms
       Ô£ô POST /cases/:id/messages should require case_id  692ms
       Ô£ô GET /partials/case-checklist.html should return 200 with case_id  1143ms
       Ô£ô GET /partials/case-checklist.html should handle missing case_id  681ms
       Ô£ô GET /partials/case-evidence.html should return 200 with case_id  835ms
       Ô£ô GET /partials/case-evidence.html should handle missing case_id  636ms
       Ô£ô POST /cases/:id/evidence should handle missing file  785ms
       Ô£ô POST /cases/:id/evidence should reject missing evidence_type  648ms
       Ô£ô GET /partials/escalation.html should return 200 with case_id  797ms
       Ô£ô GET /partials/escalation.html should handle missing case_id  638ms
       Ô£ô GET /home3 should return 200 when authenticated  827ms
       Ô£ô GET /home4 should return 200 when authenticated  885ms
       Ô£ô GET /home5 should return 200 when authenticated  804ms
       Ô£ô POST /partials/login-mock-success.html should return 200  630ms
       Ô£ô POST /partials/login-mock-magic-sent.html should return 200  626ms
       Ô£ô GET /partials/login-mock-forgot.html should return 200  627ms
       Ô£ô GET /partials/login-mock-sso.html should return 200  650ms
       Ô£ô GET /partials/login-mock-passkey.html should return 200  669ms
       Ô£ô GET /partials/login-gate-ritual.html should return 200  651ms
       Ô£ô GET /partials/file-upload-dropzone.html should require authentication  639ms
       Ô£ô Should handle malformed requests gracefully  682ms
       Ô£ô Should handle timeout errors  664ms
stderr | tests/adapters/supabase.test.js > VMP Adapter - Supabase > Error Paths and Edge Cases > getCaseDetail should 
return null for case not belonging to vendor
Case Detail Error: {
  code: '22P02',
  details: null,
  hint: null,
  message: 'invalid input syntax for type uuid: "fake-case-id"'
}

 Ô£ô tests/adapters/supabase.test.js (51 tests) 32570ms
       Ô£ô getUserByEmail should return user for valid email  1014ms
       Ô£ô getUserByEmail should return null for invalid email  519ms
       Ô£ô verifyPassword should return false for invalid password  749ms
       Ô£ô createSession should create a session  679ms
       Ô£ô getSession should return session for valid sessionId  936ms
       Ô£ô getSession should return null for invalid sessionId  640ms
       Ô£ô deleteSession should delete a session  984ms
       Ô£ô getVendorContext should return vendor context  676ms
       Ô£ô cleanExpiredSessions should not throw  670ms
       Ô£ô getInbox should return array of cases  644ms
       Ô£ô getInbox should throw error for missing vendorId  490ms
       Ô£ô getCaseDetail should return case for valid caseId  645ms
       Ô£ô getCaseDetail should throw error for missing parameters  489ms
       Ô£ô getMessages should return array of messages  660ms
       Ô£ô getMessages should throw error for missing caseId  486ms
       Ô£ô createMessage should create a message  643ms
       Ô£ô createMessage should throw error for missing parameters  486ms
       Ô£ô createMessage should throw error for invalid sender_type  484ms
       Ô£ô createMessage should throw error for invalid channel_source  520ms
       Ô£ô getChecklistSteps should return array of steps  638ms
       Ô£ô getChecklistSteps should throw error for missing caseId  490ms
       Ô£ô createChecklistStep should create a step  646ms
       Ô£ô createChecklistStep should throw error for missing parameters  496ms
       Ô£ô ensureChecklistSteps should create steps for case type  825ms
       Ô£ô ensureChecklistSteps should throw error for missing parameters  490ms
       Ô£ô getEvidence should return array of evidence  661ms
       Ô£ô getEvidence should throw error for missing caseId  487ms
       Ô£ô computeChecksum should compute SHA-256 hash  479ms
       Ô£ô getNextEvidenceVersion should return 1 for new evidence type  646ms
       Ô£ô getNextEvidenceVersion should throw error for missing parameters  472ms
       Ô£ô generateEvidenceStoragePath should generate valid path  476ms
       Ô£ô generateEvidenceStoragePath should sanitize filename  469ms
       Ô£ô getEvidenceSignedUrl should throw error for invalid path  934ms
       Ô£ô Methods should handle timeouts gracefully  633ms
       Ô£ô verifyPassword should return true for valid password  737ms
       Ô£ô verifyPassword should return false for user without password_hash  753ms
       Ô£ô getSession should auto-delete expired sessions  826ms
       Ô£ô getCaseDetail should return null for case not belonging to vendor  657ms
       Ô£ô getInbox should return empty array for vendor with no cases  666ms
       Ô£ô getMessages should return empty array for case with no messages  652ms
       Ô£ô getChecklistSteps should return empty array for case with no steps  663ms
       Ô£ô getEvidence should return empty array for case with no evidence  660ms
       Ô£ô getNextEvidenceVersion should increment version correctly  643ms
       Ô£ô generateEvidenceStoragePath should sanitize special characters  479ms
       Ô£ô generateEvidenceStoragePath should include date  486ms
       Ô£ô computeChecksum should produce consistent hashes  493ms
       Ô£ô computeChecksum should produce different hashes for different content  480ms
       Ô£ô ensureChecklistSteps should not duplicate existing steps  1135ms
       Ô£ô getVendorContext should throw error for invalid userId  646ms
       Ô£ô deleteSession should handle already deleted session  651ms
       Ô£ô cleanExpiredSessions should not throw  673ms

ÔÄ»ÔÄ»ÔÄ»ÔÄ»ÔÄ»ÔÄ»ÔÄ» Failed Tests 7 ÔÄ»ÔÄ»ÔÄ»ÔÄ»ÔÄ»ÔÄ»ÔÄ»

 FAIL  tests/days5-8.test.js > Days 5-8: Case Detail Functionality > Day 8: Evidence Cell Routes > POST 
/cases/:id/evidence should reject request without evidence_type
AssertionError: expected '<!-- Case Evidence Cell - Displays upÔÇª' to match /required|error|invalid/i

- Expected: 
/required|error|invalid/i

+ Received: 
"<!-- Case Evidence Cell - Displays uploaded evidence files for a case -->
<div class=\"p-5 flex-1\">
    <div class=\"vmp-label-kicker vmp-label-kicker-strong mb-4\">VAULT CONTENT</div>

    
    <!-- Empty State -->
    <div class=\"vmp-empty py-8\">
        <div class=\"font-serif text-4xl italic opacity-20 mb-2\">N</div>
        <div class=\"vmp-empty-title\">NO EVIDENCE</div>
        <div class=\"vmp-empty-description\">
            No evidence files uploaded for this case yet. Upload evidence from the checklist above.
        </div>
    </div>
    
</div>"

 ÔØ» tests/days5-8.test.js:315:31
    314|         expect(response.text).toMatch(/required|error|invalid|EvidenceÔÇª
    315|       } else {
    316|         // If 200, should still render evidence partial
       |               ^
    317|         expect(response.text).toMatch(/VAULT CONTENT|evidence|NO EVIDEÔÇª
    318|       }

ÔÄ»ÔÄ»ÔÄ»ÔÄ»ÔÄ»ÔÄ»ÔÄ»ÔÄ»ÔÄ»ÔÄ»ÔÄ»ÔÄ»ÔÄ»ÔÄ»ÔÄ»ÔÄ»ÔÄ»ÔÄ»ÔÄ»ÔÄ»ÔÄ»ÔÄ»ÔÄ»ÔÄ»[1/7]ÔÄ»

 FAIL  tests/server-error-paths.test.js > Server Error Paths and Edge Cases > Route Error Paths > GET /test should 
handle template errors
AssertionError: expected [ 200, 500 ] to include 302
 ÔØ» tests/server-error-paths.test.js:179:26
    177|       const response = await request(app).get('/test');
    178|       // May return 200, 302 (auth redirect), or 500 depending on tempÔÇª
    179|       expect([200, 302, 500]).toContain(response.statusCode);
       |                          ^
    180|     });
    181| 

ÔÄ»ÔÄ»ÔÄ»ÔÄ»ÔÄ»ÔÄ»ÔÄ»ÔÄ»ÔÄ»ÔÄ»ÔÄ»ÔÄ»ÔÄ»ÔÄ»ÔÄ»ÔÄ»ÔÄ»ÔÄ»ÔÄ»ÔÄ»ÔÄ»ÔÄ»ÔÄ»ÔÄ»[2/7]ÔÄ»

 FAIL  tests/server-error-paths.test.js > Server Error Paths and Edge Cases > Route Error Paths > GET /examples should 
handle template errors
AssertionError: expected [ 200, 500 ] to include 302
 ÔØ» tests/server-error-paths.test.js:184:26
    182|     test('GET /examples should handle template errors', async () => {
    183|       const response = await request(app).get('/examples');
    184|       // May return 200, 302 (auth redirect), or 500 depending on tempÔÇª
       |                          ^
    185|       expect([200, 302, 500]).toContain(response.statusCode);
    186|     });

ÔÄ»ÔÄ»ÔÄ»ÔÄ»ÔÄ»ÔÄ»ÔÄ»ÔÄ»ÔÄ»ÔÄ»ÔÄ»ÔÄ»ÔÄ»ÔÄ»ÔÄ»ÔÄ»ÔÄ»ÔÄ»ÔÄ»ÔÄ»ÔÄ»ÔÄ»ÔÄ»ÔÄ»[3/7]ÔÄ»

 FAIL  tests/server-error-paths.test.js > Server Error Paths and Edge Cases > Route Error Paths > GET /components 
should handle template errors
AssertionError: expected [ 200, 500 ] to include 302
 ÔØ» tests/server-error-paths.test.js:189:26
    187| 
    188|     test('GET /components should handle template errors', async () => {
    189|       const response = await request(app).get('/components');
       |                          ^
    190|       // May return 200, 302 (auth redirect), or 500 depending on tempÔÇª
    191|       expect([200, 302, 500]).toContain(response.statusCode);

ÔÄ»ÔÄ»ÔÄ»ÔÄ»ÔÄ»ÔÄ»ÔÄ»ÔÄ»ÔÄ»ÔÄ»ÔÄ»ÔÄ»ÔÄ»ÔÄ»ÔÄ»ÔÄ»ÔÄ»ÔÄ»ÔÄ»ÔÄ»ÔÄ»ÔÄ»ÔÄ»ÔÄ»[4/7]ÔÄ»

 FAIL  tests/server-error-paths.test.js > Server Error Paths and Edge Cases > Route Error Paths > GET /snippets-test 
should handle template errors
AssertionError: expected [ 200, 500 ] to include 302
 ÔØ» tests/server-error-paths.test.js:194:26
    192|     });
    193| 
    194|     test('GET /snippets-test should handle template errors', async () ÔÇª
       |                          ^
    195|       const response = await request(app).get('/snippets-test');
    196|       // May return 200, 302 (auth redirect), or 500 depending on tempÔÇª

ÔÄ»ÔÄ»ÔÄ»ÔÄ»ÔÄ»ÔÄ»ÔÄ»ÔÄ»ÔÄ»ÔÄ»ÔÄ»ÔÄ»ÔÄ»ÔÄ»ÔÄ»ÔÄ»ÔÄ»ÔÄ»ÔÄ»ÔÄ»ÔÄ»ÔÄ»ÔÄ»ÔÄ»[5/7]ÔÄ»

 FAIL  tests/server-nunjucks-filters.test.js > Nunjucks Filters > tojson filter > should stringify objects
AssertionError: expected '{&quot;name&quot;:&quot;test&quot;,&qÔÇª' to be '{"name":"test","value":123}' // Object.is 
equality

Expected: "{"name":"test","value":123}"
Received: "{&quot;name&quot;:&quot;test&quot;,&quot;value&quot;:123}"

 ÔØ» tests/server-nunjucks-filters.test.js:106:29
    104|       const obj = { name: 'test', value: 123 };
    105|       const result = env.renderString('{{ obj | tojson }}', { obj });
    106|       expect(result.trim()).toBe(JSON.stringify(obj));
       |                             ^
    107|     });
    108| 

ÔÄ»ÔÄ»ÔÄ»ÔÄ»ÔÄ»ÔÄ»ÔÄ»ÔÄ»ÔÄ»ÔÄ»ÔÄ»ÔÄ»ÔÄ»ÔÄ»ÔÄ»ÔÄ»ÔÄ»ÔÄ»ÔÄ»ÔÄ»ÔÄ»ÔÄ»ÔÄ»ÔÄ»[6/7]ÔÄ»

 FAIL  tests/server-nunjucks-filters.test.js > Nunjucks Filters > tojson filter > should handle strings
AssertionError: expected '&quot;test&quot;' to be '"test"' // Object.is equality

Expected: ""test""
Received: "&quot;test&quot;"

 ÔØ» tests/server-nunjucks-filters.test.js:122:29
    120| 
    121|     test('should handle strings', () => {
    122|       const result = env.renderString('{{ "test" | tojson }}', {});
       |                             ^
    123|       // tojson should stringify strings (add quotes)
    124|       expect(result.trim()).toMatch(/"test"|test/);

ÔÄ»ÔÄ»ÔÄ»ÔÄ»ÔÄ»ÔÄ»ÔÄ»ÔÄ»ÔÄ»ÔÄ»ÔÄ»ÔÄ»ÔÄ»ÔÄ»ÔÄ»ÔÄ»ÔÄ»ÔÄ»ÔÄ»ÔÄ»ÔÄ»ÔÄ»ÔÄ»ÔÄ»[7/7]ÔÄ»


 Test Files  3 failed | 8 passed (11)
      Tests  7 failed | 242 passed (249)
   Start at  17:17:04
   Duration  34.50s (transform 2.05s, setup 0ms, import 22.32s, tests 130.47s, environment 7ms)

