TN:
SF:server.js
FN:33,(anonymous_0)
FN:79,(anonymous_1)
FN:80,(anonymous_2)
FN:91,(anonymous_3)
FN:110,(anonymous_4)
FN:114,(anonymous_5)
FN:119,(anonymous_6)
FN:139,(anonymous_7)
FN:143,(anonymous_8)
FN:148,(anonymous_9)
FN:182,(anonymous_10)
FN:250,(anonymous_11)
FN:260,(anonymous_12)
FN:265,(anonymous_13)
FN:276,(anonymous_14)
FN:283,(anonymous_15)
FN:290,(anonymous_16)
FN:299,(anonymous_17)
FN:340,(anonymous_18)
FN:351,(anonymous_19)
FN:361,(anonymous_20)
FN:362,(anonymous_21)
FN:387,(anonymous_22)
FN:401,(anonymous_23)
FN:402,(anonymous_24)
FN:403,(anonymous_25)
FN:404,(anonymous_26)
FN:431,(anonymous_27)
FN:456,(anonymous_28)
FN:494,(anonymous_29)
FN:522,(anonymous_30)
FN:583,(anonymous_31)
FN:596,(anonymous_32)
FN:622,(anonymous_33)
FN:650,(anonymous_34)
FN:725,(anonymous_35)
FN:744,(anonymous_36)
FN:830,(anonymous_37)
FN:860,(anonymous_38)
FN:869,(anonymous_39)
FN:924,(anonymous_40)
FN:940,(anonymous_41)
FN:945,(anonymous_42)
FN:950,(anonymous_43)
FN:955,(anonymous_44)
FN:959,(anonymous_45)
FN:963,(anonymous_46)
FN:967,(anonymous_47)
FN:971,(anonymous_48)
FN:975,(anonymous_49)
FN:979,(anonymous_50)
FN:983,(anonymous_51)
FN:987,(anonymous_52)
FN:992,(anonymous_53)
FN:1002,(anonymous_54)
FN:1016,(anonymous_55)
FN:1030,(anonymous_56)
FN:1045,(anonymous_57)
FN:1053,(anonymous_58)
FN:1057,(anonymous_59)
FN:1061,(anonymous_60)
FN:1067,(anonymous_61)
FN:1077,(anonymous_62)
FN:1094,(anonymous_63)
FNF:64
FNH:57
FNDA:18,(anonymous_0)
FNDA:175,(anonymous_1)
FNDA:0,(anonymous_2)
FNDA:175,(anonymous_3)
FNDA:1515,(anonymous_4)
FNDA:1,(anonymous_5)
FNDA:985,(anonymous_6)
FNDA:15,(anonymous_7)
FNDA:970,(anonymous_8)
FNDA:0,(anonymous_9)
FNDA:175,(anonymous_10)
FNDA:6,(anonymous_11)
FNDA:4,(anonymous_12)
FNDA:2,(anonymous_13)
FNDA:1,(anonymous_14)
FNDA:1,(anonymous_15)
FNDA:5,(anonymous_16)
FNDA:4,(anonymous_17)
FNDA:5,(anonymous_18)
FNDA:6,(anonymous_19)
FNDA:6,(anonymous_20)
FNDA:6,(anonymous_21)
FNDA:5,(anonymous_22)
FNDA:6,(anonymous_23)
FNDA:6,(anonymous_24)
FNDA:6,(anonymous_25)
FNDA:6,(anonymous_26)
FNDA:5,(anonymous_27)
FNDA:9,(anonymous_28)
FNDA:10,(anonymous_29)
FNDA:10,(anonymous_30)
FNDA:8,(anonymous_31)
FNDA:534,(anonymous_32)
FNDA:4,(anonymous_33)
FNDA:11,(anonymous_34)
FNDA:19,(anonymous_35)
FNDA:448,(anonymous_36)
FNDA:525,(anonymous_37)
FNDA:2,(anonymous_38)
FNDA:6,(anonymous_39)
FNDA:3,(anonymous_40)
FNDA:1,(anonymous_41)
FNDA:1,(anonymous_42)
FNDA:1,(anonymous_43)
FNDA:1,(anonymous_44)
FNDA:1,(anonymous_45)
FNDA:1,(anonymous_46)
FNDA:1,(anonymous_47)
FNDA:1,(anonymous_48)
FNDA:1,(anonymous_49)
FNDA:1,(anonymous_50)
FNDA:1,(anonymous_51)
FNDA:1,(anonymous_52)
FNDA:0,(anonymous_53)
FNDA:0,(anonymous_54)
FNDA:0,(anonymous_55)
FNDA:0,(anonymous_56)
FNDA:1,(anonymous_57)
FNDA:1,(anonymous_58)
FNDA:1,(anonymous_59)
FNDA:1,(anonymous_60)
FNDA:6,(anonymous_61)
FNDA:3,(anonymous_62)
FNDA:0,(anonymous_63)
DA:15,10
DA:16,10
DA:25,10
DA:28,10
DA:35,18
DA:46,18
DA:47,16
DA:49,2
DA:55,10
DA:70,10
DA:75,10
DA:79,10
DA:80,175
DA:81,0
DA:82,0
DA:90,175
DA:91,175
DA:92,175
DA:93,175
DA:96,175
DA:100,10
DA:103,10
DA:110,10
DA:111,1515
DA:114,10
DA:115,1
DA:119,10
DA:120,985
DA:122,985
DA:125,985
DA:126,0
DA:127,985
DA:128,985
DA:129,0
DA:130,0
DA:132,0
DA:135,985
DA:138,985
DA:140,15
DA:141,15
DA:144,970
DA:145,970
DA:146,970
DA:149,0
DA:150,0
DA:151,0
DA:152,0
DA:156,985
DA:157,985
DA:161,0
DA:163,0
DA:164,0
DA:168,10
DA:169,10
DA:170,10
DA:182,10
DA:184,175
DA:185,175
DA:186,30
DA:190,145
DA:191,111
DA:192,111
DA:194,111
DA:201,111
DA:204,34
DA:206,34
DA:207,34
DA:210,0
DA:212,0
DA:214,0
DA:216,0
DA:217,0
DA:221,0
DA:223,0
DA:225,0
DA:226,0
DA:227,0
DA:231,0
DA:239,175
DA:241,0
DA:242,0
DA:243,0
DA:250,10
DA:251,6
DA:260,10
DA:261,4
DA:265,10
DA:268,2
DA:269,2
DA:276,10
DA:277,1
DA:283,10
DA:284,1
DA:290,10
DA:291,5
DA:292,5
DA:294,5
DA:295,5
DA:296,5
DA:297,5
DA:299,4
DA:320,3
DA:325,5
DA:330,0
DA:331,0
DA:340,10
DA:341,5
DA:342,5
DA:344,5
DA:345,5
DA:346,5
DA:348,5
DA:349,5
DA:350,5
DA:351,6
DA:361,6
DA:362,6
DA:364,2
DA:368,5
DA:375,0
DA:376,0
DA:387,10
DA:388,5
DA:389,5
DA:391,5
DA:392,5
DA:393,5
DA:394,5
DA:396,5
DA:397,5
DA:398,5
DA:401,6
DA:402,6
DA:403,6
DA:404,6
DA:406,2
DA:410,5
DA:418,0
DA:419,0
DA:431,10
DA:432,5
DA:436,5
DA:438,5
DA:439,0
DA:445,5
DA:446,5
DA:448,0
DA:449,0
DA:456,10
DA:457,9
DA:458,9
DA:459,9
DA:461,9
DA:462,3
DA:465,6
DA:466,0
DA:474,6
DA:475,6
DA:476,6
DA:478,1
DA:482,6
DA:484,0
DA:485,0
DA:494,10
DA:495,10
DA:496,10
DA:497,10
DA:498,3
DA:502,7
DA:503,7
DA:504,7
DA:506,1
DA:510,7
DA:512,0
DA:513,0
DA:522,10
DA:523,10
DA:524,10
DA:525,10
DA:526,2
DA:529,8
DA:530,8
DA:532,8
DA:534,8
DA:535,8
DA:536,8
DA:537,8
DA:539,0
DA:544,8
DA:545,7
DA:546,7
DA:548,3
DA:550,3
DA:551,3
DA:553,1
DA:559,1
DA:560,1
DA:562,0
DA:567,0
DA:571,8
DA:573,0
DA:574,0
DA:583,10
DA:584,8
DA:585,8
DA:586,8
DA:587,2
DA:591,6
DA:592,6
DA:593,6
DA:596,6
DA:597,534
DA:598,534
DA:600,107
DA:601,107
DA:604,6
DA:606,0
DA:610,6
DA:612,0
DA:613,0
DA:622,10
DA:623,4
DA:624,4
DA:625,4
DA:627,4
DA:628,2
DA:629,2
DA:630,2
DA:631,2
DA:633,0
DA:638,4
DA:640,0
DA:641,0
DA:650,10
DA:651,11
DA:652,11
DA:653,11
DA:655,11
DA:656,0
DA:663,11
DA:665,11
DA:666,11
DA:667,9
DA:669,2
DA:678,0
DA:679,0
DA:680,0
DA:688,0
DA:689,0
DA:698,0
DA:703,0
DA:704,0
DA:705,0
DA:707,0
DA:708,0
DA:715,0
DA:716,0
DA:725,10
DA:726,19
DA:727,19
DA:728,19
DA:729,19
DA:731,19
DA:732,0
DA:739,19
DA:741,4
DA:742,4
DA:744,4
DA:745,448
DA:746,448
DA:748,0
DA:751,4
DA:752,4
DA:754,0
DA:762,15
DA:763,2
DA:771,13
DA:772,13
DA:773,0
DA:781,13
DA:782,13
DA:783,13
DA:784,13
DA:785,11
DA:786,1
DA:793,2
DA:802,10
DA:803,10
DA:817,3
DA:818,3
DA:826,7
DA:828,7
DA:830,5
DA:831,525
DA:832,525
DA:834,0
DA:837,5
DA:840,5
DA:842,2
DA:843,2
DA:850,0
DA:851,0
DA:860,10
DA:862,2
DA:863,0
DA:865,2
DA:869,10
DA:870,6
DA:871,6
DA:873,6
DA:874,6
DA:880,0
DA:882,0
DA:883,0
DA:888,0
DA:889,0
DA:895,0
DA:897,0
DA:898,0
DA:904,0
DA:910,0
DA:911,0
DA:914,0
DA:916,0
DA:917,0
DA:924,10
DA:925,3
DA:927,3
DA:928,0
DA:929,0
DA:931,0
DA:935,3
DA:936,3
DA:940,10
DA:941,1
DA:945,10
DA:946,1
DA:950,10
DA:951,1
DA:955,10
DA:956,1
DA:959,10
DA:960,1
DA:963,10
DA:964,1
DA:967,10
DA:968,1
DA:971,10
DA:972,1
DA:975,10
DA:976,1
DA:979,10
DA:980,1
DA:983,10
DA:984,1
DA:987,10
DA:988,1
DA:992,10
DA:993,0
DA:994,0
DA:996,0
DA:997,0
DA:1002,10
DA:1003,0
DA:1004,0
DA:1006,0
DA:1007,0
DA:1016,10
DA:1017,0
DA:1018,0
DA:1020,0
DA:1021,0
DA:1030,10
DA:1031,0
DA:1032,0
DA:1034,0
DA:1035,0
DA:1045,10
DA:1046,1
DA:1053,10
DA:1054,1
DA:1057,10
DA:1058,1
DA:1061,10
DA:1062,1
DA:1067,10
DA:1068,6
DA:1077,10
DA:1078,3
DA:1079,3
DA:1092,10
DA:1093,0
DA:1094,0
DA:1095,0
DA:1096,0
LF:395
LH:284
BRDA:46,0,0,16
BRDA:46,0,1,2
BRDA:81,1,0,0
BRDA:81,1,1,0
BRDA:111,2,0,1515
BRDA:111,2,1,0
BRDA:120,3,0,0
BRDA:120,3,1,985
BRDA:125,4,0,0
BRDA:125,4,1,985
BRDA:127,5,0,985
BRDA:127,5,1,0
BRDA:129,6,0,0
BRDA:129,6,1,0
BRDA:135,7,0,0
BRDA:135,7,1,985
BRDA:156,8,0,985
BRDA:156,8,1,0
BRDA:156,9,0,985
BRDA:156,9,1,985
BRDA:185,10,0,30
BRDA:185,10,1,145
BRDA:185,11,0,175
BRDA:185,11,1,154
BRDA:190,12,0,111
BRDA:190,12,1,34
BRDA:190,13,0,145
BRDA:190,13,1,145
BRDA:191,14,0,111
BRDA:191,14,1,4
BRDA:192,15,0,111
BRDA:192,15,1,4
BRDA:206,16,0,34
BRDA:206,16,1,0
BRDA:214,17,0,0
BRDA:214,17,1,0
BRDA:223,18,0,0
BRDA:223,18,1,0
BRDA:223,19,0,0
BRDA:223,19,1,0
BRDA:234,20,0,0
BRDA:234,20,1,0
BRDA:268,21,0,2
BRDA:268,21,1,0
BRDA:295,22,0,5
BRDA:295,22,1,0
BRDA:301,23,0,4
BRDA:301,23,1,0
BRDA:302,24,0,4
BRDA:302,24,1,0
BRDA:304,25,0,4
BRDA:304,25,1,0
BRDA:306,26,0,2
BRDA:306,26,1,2
BRDA:313,27,0,4
BRDA:313,27,1,0
BRDA:348,28,0,5
BRDA:348,28,1,0
BRDA:353,29,0,6
BRDA:353,29,1,0
BRDA:354,30,0,6
BRDA:354,30,1,0
BRDA:356,31,0,6
BRDA:356,31,1,0
BRDA:361,32,0,6
BRDA:361,32,1,6
BRDA:396,33,0,5
BRDA:396,33,1,0
BRDA:401,34,0,6
BRDA:401,34,1,6
BRDA:404,35,0,6
BRDA:404,35,1,6
BRDA:438,36,0,0
BRDA:438,36,1,5
BRDA:461,37,0,3
BRDA:461,37,1,6
BRDA:465,38,0,0
BRDA:465,38,1,6
BRDA:497,39,0,3
BRDA:497,39,1,7
BRDA:514,40,0,0
BRDA:514,40,1,0
BRDA:525,41,0,2
BRDA:525,41,1,8
BRDA:535,42,0,8
BRDA:535,42,1,0
BRDA:544,43,0,7
BRDA:544,43,1,1
BRDA:544,44,0,8
BRDA:544,44,1,7
BRDA:575,45,0,0
BRDA:575,45,1,0
BRDA:586,46,0,2
BRDA:586,46,1,6
BRDA:614,47,0,0
BRDA:614,47,1,0
BRDA:627,48,0,2
BRDA:627,48,1,2
BRDA:629,49,0,2
BRDA:629,49,1,0
BRDA:642,50,0,0
BRDA:642,50,1,0
BRDA:655,51,0,0
BRDA:655,51,1,11
BRDA:663,52,0,11
BRDA:663,52,1,0
BRDA:663,53,0,11
BRDA:663,53,1,0
BRDA:679,54,0,0
BRDA:679,54,1,0
BRDA:717,55,0,0
BRDA:717,55,1,0
BRDA:731,56,0,0
BRDA:731,56,1,19
BRDA:739,57,0,4
BRDA:739,57,1,15
BRDA:762,58,0,2
BRDA:762,58,1,13
BRDA:772,59,0,0
BRDA:772,59,1,13
BRDA:782,60,0,13
BRDA:782,60,1,0
BRDA:785,61,0,1
BRDA:785,61,1,10
BRDA:812,62,0,10
BRDA:812,62,1,10
BRDA:852,63,0,0
BRDA:852,63,1,0
BRDA:862,64,0,0
BRDA:862,64,1,2
BRDA:873,65,0,6
BRDA:873,65,1,0
BRDA:873,66,0,6
BRDA:873,66,1,0
BRDA:882,67,0,0
BRDA:882,67,1,0
BRDA:888,68,0,0
BRDA:888,68,1,0
BRDA:897,69,0,0
BRDA:897,69,1,0
BRDA:927,70,0,0
BRDA:927,70,1,3
BRDA:1079,71,0,3
BRDA:1079,71,1,3
BRDA:1081,72,0,3
BRDA:1081,72,1,3
BRDA:1082,73,0,0
BRDA:1082,73,1,3
BRDA:1092,74,0,0
BRDA:1092,74,1,10
BRDA:1092,75,0,10
BRDA:1092,75,1,10
BRF:152
BRH:86
end_of_record
TN:
SF:src\adapters\supabase.js
FN:33,(anonymous_0)
FN:35,(anonymous_1)
FN:36,(anonymous_2)
FN:54,(anonymous_3)
FN:78,(anonymous_4)
FN:104,(anonymous_5)
FN:131,(anonymous_6)
FN:164,(anonymous_7)
FN:185,(anonymous_8)
FN:203,(anonymous_9)
FN:224,(anonymous_10)
FN:252,(anonymous_11)
FN:284,(anonymous_12)
FN:318,(anonymous_13)
FN:334,(anonymous_14)
FN:379,(anonymous_15)
FN:405,(anonymous_16)
FN:436,(anonymous_17)
FN:449,(anonymous_18)
FN:450,(anonymous_19)
FN:476,(anonymous_20)
FN:502,(anonymous_21)
FN:508,(anonymous_22)
FN:542,(anonymous_23)
FN:549,(anonymous_24)
FN:566,(anonymous_25)
FN:580,(anonymous_26)
FNF:27
FNH:26
FNDA:976,(anonymous_0)
FNDA:976,(anonymous_1)
FNDA:0,(anonymous_2)
FNDA:255,(anonymous_3)
FNDA:5,(anonymous_4)
FNDA:173,(anonymous_5)
FNDA:7,(anonymous_6)
FNDA:159,(anonymous_7)
FNDA:2,(anonymous_8)
FNDA:2,(anonymous_9)
FNDA:230,(anonymous_10)
FNDA:28,(anonymous_11)
FNDA:24,(anonymous_12)
FNDA:1421,(anonymous_13)
FNDA:6,(anonymous_14)
FNDA:43,(anonymous_15)
FNDA:4,(anonymous_16)
FNDA:14,(anonymous_17)
FNDA:36,(anonymous_18)
FNDA:144,(anonymous_19)
FNDA:19,(anonymous_20)
FNDA:22,(anonymous_21)
FNDA:22,(anonymous_22)
FNDA:21,(anonymous_23)
FNDA:15,(anonymous_24)
FNDA:1401,(anonymous_25)
FNDA:20,(anonymous_26)
DA:5,16
DA:8,16
DA:9,16
DA:11,16
DA:12,0
DA:19,16
DA:33,16
DA:35,976
DA:36,976
DA:37,0
DA:41,976
DA:42,976
DA:43,976
DA:44,976
DA:46,0
DA:47,0
DA:48,0
DA:52,16
DA:55,255
DA:61,255
DA:67,255
DA:68,2
DA:70,2
DA:72,0
DA:74,253
DA:79,5
DA:85,5
DA:91,5
DA:92,0
DA:95,5
DA:97,0
DA:100,5
DA:105,173
DA:106,173
DA:107,173
DA:109,173
DA:120,173
DA:126,173
DA:127,173
DA:132,7
DA:134,7
DA:140,7
DA:146,7
DA:147,3
DA:148,3
DA:150,0
DA:154,4
DA:156,0
DA:157,0
DA:160,4
DA:165,159
DA:167,159
DA:172,159
DA:178,159
DA:179,0
DA:186,2
DA:191,2
DA:197,2
DA:198,0
DA:204,2
DA:213,2
DA:219,2
DA:220,1
DA:225,230
DA:226,2
DA:229,228
DA:238,228
DA:244,228
DA:245,0
DA:246,0
DA:248,228
DA:253,28
DA:254,2
DA:258,26
DA:265,26
DA:271,26
DA:272,1
DA:273,1
DA:276,25
DA:277,0
DA:280,25
DA:285,24
DA:286,2
DA:289,22
DA:305,22
DA:311,22
DA:312,0
DA:313,0
DA:318,1421
DA:335,6
DA:336,3
DA:340,3
DA:341,3
DA:342,1
DA:346,2
DA:347,2
DA:348,1
DA:351,1
DA:364,1
DA:370,1
DA:371,0
DA:372,0
DA:375,1
DA:380,43
DA:381,2
DA:384,41
DA:390,41
DA:396,41
DA:397,0
DA:398,0
DA:401,41
DA:406,4
DA:407,3
DA:410,1
DA:421,1
DA:427,1
DA:428,0
DA:429,0
DA:432,1
DA:437,14
DA:438,2
DA:442,12
DA:443,12
DA:446,12
DA:449,12
DA:450,36
DA:451,144
DA:456,12
DA:457,12
DA:458,0
DA:459,0
DA:464,0
DA:466,0
DA:472,12
DA:477,19
DA:478,2
DA:481,17
DA:487,17
DA:493,17
DA:494,0
DA:495,0
DA:498,17
DA:503,22
DA:504,22
DA:509,22
DA:510,2
DA:513,20
DA:521,20
DA:527,20
DA:528,0
DA:529,0
DA:533,20
DA:534,10
DA:538,10
DA:543,21
DA:544,21
DA:545,21
DA:550,15
DA:557,15
DA:558,1
DA:559,1
DA:562,14
DA:567,1401
DA:571,1401
DA:572,1
DA:573,1
DA:576,1400
DA:581,20
DA:582,3
DA:586,17
DA:589,17
DA:597,20
DA:600,17
DA:603,17
DA:621,20
DA:627,17
DA:628,9
DA:630,9
DA:631,9
DA:633,0
DA:635,9
DA:639,8
DA:640,1
DA:641,1
DA:647,0
DA:652,8
LF:186
LH:152
BRDA:11,0,0,0
BRDA:11,0,1,16
BRDA:11,1,0,16
BRDA:11,1,1,16
BRDA:33,2,0,976
BRDA:33,3,0,976
BRDA:67,4,0,2
BRDA:67,4,1,253
BRDA:68,5,0,2
BRDA:68,5,1,0
BRDA:91,6,0,0
BRDA:91,6,1,5
BRDA:91,7,0,5
BRDA:91,7,1,5
BRDA:95,8,0,0
BRDA:95,8,1,5
BRDA:104,9,0,173
BRDA:126,10,0,0
BRDA:126,10,1,173
BRDA:132,11,0,0
BRDA:132,11,1,7
BRDA:146,12,0,3
BRDA:146,12,1,4
BRDA:147,13,0,3
BRDA:147,13,1,0
BRDA:154,14,0,0
BRDA:154,14,1,4
BRDA:165,15,0,0
BRDA:165,15,1,159
BRDA:178,16,0,0
BRDA:178,16,1,159
BRDA:197,17,0,0
BRDA:197,17,1,2
BRDA:219,18,0,1
BRDA:219,18,1,1
BRDA:225,19,0,2
BRDA:225,19,1,228
BRDA:244,20,0,0
BRDA:244,20,1,228
BRDA:248,21,0,228
BRDA:248,21,1,0
BRDA:253,22,0,2
BRDA:253,22,1,26
BRDA:253,23,0,28
BRDA:253,23,1,27
BRDA:271,24,0,1
BRDA:271,24,1,25
BRDA:276,25,0,0
BRDA:276,25,1,25
BRDA:285,26,0,2
BRDA:285,26,1,22
BRDA:311,27,0,0
BRDA:311,27,1,22
BRDA:318,28,0,22
BRDA:318,28,1,0
BRDA:321,29,0,1399
BRDA:321,29,1,22
BRDA:322,30,0,1399
BRDA:322,30,1,22
BRDA:322,30,2,22
BRDA:323,31,0,0
BRDA:323,31,1,22
BRDA:334,32,0,6
BRDA:334,33,0,6
BRDA:334,34,0,6
BRDA:334,35,0,6
BRDA:335,36,0,3
BRDA:335,36,1,3
BRDA:335,37,0,6
BRDA:335,37,1,5
BRDA:341,38,0,1
BRDA:341,38,1,2
BRDA:347,39,0,1
BRDA:347,39,1,1
BRDA:370,40,0,0
BRDA:370,40,1,1
BRDA:380,41,0,2
BRDA:380,41,1,41
BRDA:396,42,0,0
BRDA:396,42,1,41
BRDA:401,43,0,41
BRDA:401,43,1,0
BRDA:405,44,0,4
BRDA:406,45,0,3
BRDA:406,45,1,1
BRDA:406,46,0,4
BRDA:406,46,1,3
BRDA:427,47,0,0
BRDA:427,47,1,1
BRDA:437,48,0,2
BRDA:437,48,1,12
BRDA:437,49,0,14
BRDA:437,49,1,13
BRDA:451,50,0,144
BRDA:451,50,1,108
BRDA:477,51,0,2
BRDA:477,51,1,17
BRDA:493,52,0,0
BRDA:493,52,1,17
BRDA:498,53,0,17
BRDA:498,53,1,0
BRDA:509,54,0,2
BRDA:509,54,1,20
BRDA:509,55,0,22
BRDA:509,55,1,21
BRDA:527,56,0,0
BRDA:527,56,1,20
BRDA:527,57,0,20
BRDA:527,57,1,0
BRDA:533,58,0,10
BRDA:533,58,1,10
BRDA:533,59,0,20
BRDA:533,59,1,20
BRDA:538,60,0,10
BRDA:538,60,1,0
BRDA:557,61,0,1
BRDA:557,61,1,14
BRDA:566,62,0,1401
BRDA:571,63,0,1
BRDA:571,63,1,1400
BRDA:580,64,0,20
BRDA:580,65,0,20
BRDA:580,66,0,20
BRDA:581,67,0,3
BRDA:581,67,1,17
BRDA:581,68,0,20
BRDA:581,68,1,19
BRDA:581,68,2,18
BRDA:593,69,0,17
BRDA:593,69,1,0
BRDA:611,70,0,17
BRDA:611,70,1,0
BRDA:613,71,0,20
BRDA:613,71,1,0
BRDA:614,72,0,20
BRDA:614,72,1,0
BRDA:627,73,0,9
BRDA:627,73,1,8
BRDA:639,74,0,1
BRDA:639,74,1,7
BRF:140
BRH:110
end_of_record
TN:
SF:src\utils\checklist-rules.js
FN:13,getChecklistStepsForCaseType
FN:93,ensureChecklistSteps
FNF:2
FNH:2
FNDA:35,getChecklistStepsForCaseType
FNDA:4,ensureChecklistSteps
DA:14,35
DA:82,35
DA:94,4
DA:98,4
LF:4
LH:4
BRDA:82,0,0,35
BRDA:82,0,1,6
BRF:2
BRH:2
end_of_record
